#
# A fatal error has been detected by the Java Runtime Environment:
#
#  EXCEPTION_ACCESS_VIOLATION (0xc0000005) at pc=0x00000000572b8f09, pid=11432, tid=13076
#
# JRE version: 7.0_17-b02
# Java VM: Java HotSpot(TM) 64-Bit Server VM (23.7-b01 mixed mode windows-amd64 compressed oops)
# Problematic frame:
# V  [jvm.dll+0x38f09]
#
# Failed to write core dump. Minidumps are not enabled by default on client versions of Windows
#
# If you would like to submit a bug report, please visit:
#   http://bugreport.sun.com/bugreport/crash.jsp
#

---------------  T H R E A D  ---------------

Current thread (0x000000000e006800):  JavaThread "JDWP Transport Listener: dt_socket" daemon [_thread_in_vm, id=13076, stack(0x000000000f590000,0x000000000f690000)]

siginfo: ExceptionCode=0xc0000005, reading address 0x000000000000000c

Registers:
RAX=0x000000000000000c, RBX=0x000000000e006800, RCX=0x0000000000000003, RDX=0x0000000000000000
RSP=0x000000000f68f340, RBP=0x000000000000000c, RSI=0x0000000000000000, RDI=0x0000000000000010
R8 =0x00000007d5c9f218, R9 =0x0000000000000000, R10=0x0000000000000000, R11=0x0000000000000001
R12=0x0000000000000000, R13=0x0000000000000000, R14=0x0000000000000000, R15=0x0000000000000000
RIP=0x00000000572b8f09, EFLAGS=0x0000000000010246

Top of Stack: (sp=0x000000000f68f340)
0x000000000f68f340:   000000000e006800 0000000000000000
0x000000000f68f350:   0000000000000000 000000000e006800
0x000000000f68f360:   0000000000000000 00000000573775d4
0x000000000f68f370:   00000007d5c9f218 000000000f68f490
0x000000000f68f380:   000000000e02c380 000000000f68f460
0x000000000f68f390:   000000000e006800 0000000000000000
0x000000000f68f3a0:   000000000e02c380 000000000f68f490
0x000000000f68f3b0:   0000000000000000 0000000000000000
0x000000000f68f3c0:   000000000e0069d8 0000000056fd7d15
0x000000000f68f3d0:   000000000f68f460 000000000f68f490
0x000000000f68f3e0:   000000000e02c380 000000000e0069d8
0x000000000f68f3f0:   000000000e097c0a 0000000056fdf09c
0x000000000f68f400:   0000000057010a01 000000000f68f500
0x000000000f68f410:   000000000dffe601 000000000dffe601
0x000000000f68f420:   000001e800000013 0000000057010a00
0x000000000f68f430:   000000000e02a7c0 000000000e00fba0 

Instructions: (pc=0x00000000572b8f09)
0x00000000572b8ee9:   d2 48 8b c5 eb 18 48 8b d0 48 8b c5 48 d3 e2 48
0x00000000572b8ef9:   03 15 11 16 62 00 eb 06 48 8b 12 48 8b c7 48 98
0x00000000572b8f09:   8b 14 10 85 d2 74 2a 45 84 db 4c 63 c6 48 0f 45
0x00000000572b8f19:   fd 8d 47 0b 48 63 c8 48 83 e1 f8 48 c1 e9 03 8d 


Register to memory mapping:

RAX=0x000000000000000c is an unknown value
RBX=0x000000000e006800 is a thread
RCX=0x0000000000000003 is an unknown value
RDX=0x0000000000000000 is an unknown value
RSP=0x000000000f68f340 is pointing into the stack for thread: 0x000000000e006800
RBP=0x000000000000000c is an unknown value
RSI=0x0000000000000000 is an unknown value
RDI=0x0000000000000010 is an unknown value
R8 =0x00000007d5c9f218 is an oop
java.lang.String 
 - klass: 'java/lang/String'
R9 =0x0000000000000000 is an unknown value
R10=0x0000000000000000 is an unknown value
R11=0x0000000000000001 is an unknown value
R12=0x0000000000000000 is an unknown value
R13=0x0000000000000000 is an unknown value
R14=0x0000000000000000 is an unknown value
R15=0x0000000000000000 is an unknown value


Stack: [0x000000000f590000,0x000000000f690000],  sp=0x000000000f68f340,  free space=1020k
Native frames: (J=compiled Java code, j=interpreted, Vv=VM code, C=native code)
V  [jvm.dll+0x38f09]


---------------  P R O C E S S  ---------------

Java Threads: ( => current thread )
  0x000000000e030000 JavaThread "Service Thread" daemon [_thread_blocked, id=12036, stack(0x000000000fa90000,0x000000000fb90000)]
  0x000000000e02f000 JavaThread "C2 CompilerThread1" daemon [_thread_blocked, id=4952, stack(0x000000000f990000,0x000000000fa90000)]
  0x000000000e02b000 JavaThread "C2 CompilerThread0" daemon [_thread_blocked, id=12856, stack(0x000000000f890000,0x000000000f990000)]
  0x000000000e018800 JavaThread "JDWP Command Reader" daemon [_thread_in_native, id=12980, stack(0x000000000f790000,0x000000000f890000)]
  0x000000000e015800 JavaThread "JDWP Event Helper Thread" daemon [_thread_blocked, id=13136, stack(0x000000000f690000,0x000000000f790000)]
=>0x000000000e006800 JavaThread "JDWP Transport Listener: dt_socket" daemon [_thread_in_vm, id=13076, stack(0x000000000f590000,0x000000000f690000)]
  0x000000000e000000 JavaThread "Attach Listener" daemon [_thread_blocked, id=12884, stack(0x000000000f490000,0x000000000f590000)]
  0x000000000dfdb000 JavaThread "Signal Dispatcher" daemon [_thread_blocked, id=12956, stack(0x000000000f390000,0x000000000f490000)]
  0x000000000df79000 JavaThread "Finalizer" daemon [_thread_blocked, id=13256, stack(0x000000000f290000,0x000000000f390000)]
  0x000000000df70000 JavaThread "Reference Handler" daemon [_thread_blocked, id=4440, stack(0x000000000f190000,0x000000000f290000)]
  0x0000000004fc0800 JavaThread "main" [_thread_blocked, id=9896, stack(0x0000000004ae0000,0x0000000004be0000)]

Other Threads:
  0x000000000df66800 VMThread [stack: 0x000000000f090000,0x000000000f190000] [id=13004]
  0x000000000e062800 WatcherThread [stack: 0x000000000fb90000,0x000000000fc90000] [id=1904]

VM state:not at safepoint (normal execution)

VM Mutex/Monitor currently owned by a thread: None

Heap
 PSYoungGen      total 37824K, used 1298K [0x00000007d5c00000, 0x00000007d8630000, 0x0000000800000000)
  eden space 32448K, 4% used [0x00000007d5c00000,0x00000007d5d44828,0x00000007d7bb0000)
  from space 5376K, 0% used [0x00000007d80f0000,0x00000007d80f0000,0x00000007d8630000)
  to   space 5376K, 0% used [0x00000007d7bb0000,0x00000007d7bb0000,0x00000007d80f0000)
 ParOldGen       total 86528K, used 0K [0x0000000781400000, 0x0000000786880000, 0x00000007d5c00000)
  object space 86528K, 0% used [0x0000000781400000,0x0000000781400000,0x0000000786880000)
 PSPermGen       total 21248K, used 2576K [0x000000077c200000, 0x000000077d6c0000, 0x0000000781400000)
  object space 21248K, 12% used [0x000000077c200000,0x000000077c4842c0,0x000000077d6c0000)

Card table byte_map: [0x0000000008160000,0x0000000008580000] byte_map_base: 0x000000000457f000

Polling page: 0x0000000002e40000

Code Cache  [0x0000000005160000, 0x00000000053d0000, 0x0000000008160000)
 total_blobs=175 nmethods=1 adapters=134 free_code_cache=48771Kb largest_free_block=49928320

Compilation events (2 events):
Event: 0.202 Thread 0x000000000e02b000    1             java.lang.String::charAt (29 bytes)
Event: 0.206 Thread 0x000000000e02b000 nmethod 1 0x00000000051beed0 code [0x00000000051bf020, 0x00000000051bf0f8]

GC Heap History (0 events):
No events

Deoptimization events (0 events):
No events

Internal exceptions (2 events):
Event: 0.050 Thread 0x0000000004fc0800 Threw 0x00000007d5c061a8 at C:\jdk7u2_64p\jdk7u17\hotspot\src\share\vm\prims\jni.cpp:3994
Event: 0.207 Thread 0x0000000004fc0800 Threw 0x00000007d5c998b0 at C:\jdk7u2_64p\jdk7u17\hotspot\src\share\vm\prims\jvm.cpp:1166

Events (10 events):
Event: 60.084 Executing VM operation: GetCurrentLocation
Event: 60.084 Executing VM operation: GetCurrentLocation done
Event: 60.084 Executing VM operation: ChangeSingleStep
Event: 60.084 Executing VM operation: ChangeSingleStep done
Event: 60.085 Executing VM operation: ChangeSingleStep
Event: 60.085 Executing VM operation: ChangeSingleStep done
Event: 60.109 Executing VM operation: GetOrSetLocal
Event: 60.109 Executing VM operation: GetOrSetLocal done
Event: 60.316 Executing VM operation: GetOrSetLocal
Event: 60.317 Executing VM operation: GetOrSetLocal done


Dynamic libraries:
0x00007ff70a6a0000 - 0x00007ff70a6d3000 	C:\Program Files\Java\jdk1.7.0_17\bin\javaw.exe
0x00007fff31120000 - 0x00007fff31300000 	C:\WINDOWS\SYSTEM32\ntdll.dll
0x00007fff2f810000 - 0x00007fff2f8be000 	C:\WINDOWS\System32\KERNEL32.DLL
0x00007fff2d6c0000 - 0x00007fff2d926000 	C:\WINDOWS\System32\KERNELBASE.dll
0x00007fff2e700000 - 0x00007fff2e7a1000 	C:\WINDOWS\System32\ADVAPI32.dll
0x00007fff2f8c0000 - 0x00007fff2f95d000 	C:\WINDOWS\System32\msvcrt.dll
0x00007fff30e60000 - 0x00007fff30ebb000 	C:\WINDOWS\System32\sechost.dll
0x00007fff2f6f0000 - 0x00007fff2f80f000 	C:\WINDOWS\System32\RPCRT4.dll
0x00007fff2e960000 - 0x00007fff2eaee000 	C:\WINDOWS\System32\USER32.dll
0x00007fff2e190000 - 0x00007fff2e1b0000 	C:\WINDOWS\System32\win32u.dll
0x00007fff2e650000 - 0x00007fff2e678000 	C:\WINDOWS\System32\GDI32.dll
0x00007fff2e200000 - 0x00007fff2e394000 	C:\WINDOWS\System32\gdi32full.dll
0x00007fff2d520000 - 0x00007fff2d5bb000 	C:\WINDOWS\System32\msvcp_win.dll
0x00007fff2d5c0000 - 0x00007fff2d6b6000 	C:\WINDOWS\System32\ucrtbase.dll
0x00007fff208f0000 - 0x00007fff20b59000 	C:\WINDOWS\WinSxS\amd64_microsoft.windows.common-controls_6595b64144ccf1df_6.0.16299.19_none_cc92fab02215da61\COMCTL32.dll
0x00007fff2eba0000 - 0x00007fff2eea8000 	C:\WINDOWS\System32\combase.dll
0x00007fff2e570000 - 0x00007fff2e5e2000 	C:\WINDOWS\System32\bcryptPrimitives.dll
0x00007fff2f5f0000 - 0x00007fff2f61d000 	C:\WINDOWS\System32\IMM32.DLL
0x0000000057010000 - 0x00000000570e1000 	C:\Program Files\Java\jdk1.7.0_17\jre\bin\msvcr100.dll
0x0000000057280000 - 0x000000005799f000 	C:\Program Files\Java\jdk1.7.0_17\jre\bin\server\jvm.dll
0x00007fff2e6f0000 - 0x00007fff2e6f8000 	C:\WINDOWS\System32\PSAPI.DLL
0x00007fff2a5e0000 - 0x00007fff2a5e9000 	C:\WINDOWS\SYSTEM32\WSOCK32.dll
0x00007fff2efc0000 - 0x00007fff2f02c000 	C:\WINDOWS\System32\WS2_32.dll
0x00007fff2a360000 - 0x00007fff2a383000 	C:\WINDOWS\SYSTEM32\WINMM.dll
0x00007fff2a320000 - 0x00007fff2a34a000 	C:\WINDOWS\SYSTEM32\winmmbase.dll
0x00007fff2e1b0000 - 0x00007fff2e1fa000 	C:\WINDOWS\System32\cfgmgr32.dll
0x0000000057ad0000 - 0x0000000057adf000 	C:\Program Files\Java\jdk1.7.0_17\jre\bin\verify.dll
0x0000000057170000 - 0x0000000057198000 	C:\Program Files\Java\jdk1.7.0_17\jre\bin\java.dll
0x0000000056fd0000 - 0x0000000057005000 	C:\Program Files\Java\jdk1.7.0_17\jre\bin\jdwp.dll
0x0000000056fc0000 - 0x0000000056fc8000 	C:\Program Files\Java\jdk1.7.0_17\jre\bin\npt.dll
0x0000000057ab0000 - 0x0000000057ac5000 	C:\Program Files\Java\jdk1.7.0_17\jre\bin\zip.dll
0x0000000056fb0000 - 0x0000000056fb9000 	C:\Program Files\Java\jdk1.7.0_17\jre\bin\dt_socket.dll
0x00007fff28450000 - 0x00007fff28466000 	C:\WINDOWS\system32\napinsp.dll
0x00007fff28430000 - 0x00007fff2844a000 	C:\WINDOWS\system32\pnrpnsp.dll
0x00007fff2a490000 - 0x00007fff2a4a8000 	C:\WINDOWS\system32\NLAapi.dll
0x00007fff2ccd0000 - 0x00007fff2cd36000 	C:\WINDOWS\System32\mswsock.dll
0x00007fff2caa0000 - 0x00007fff2cb56000 	C:\WINDOWS\SYSTEM32\DNSAPI.dll
0x00007fff2e680000 - 0x00007fff2e688000 	C:\WINDOWS\System32\NSI.dll
0x00007fff2ca60000 - 0x00007fff2ca99000 	C:\WINDOWS\SYSTEM32\IPHLPAPI.DLL
0x00007fff28420000 - 0x00007fff2842e000 	C:\WINDOWS\System32\winrnr.dll
0x00007fff26c40000 - 0x00007fff26cb0000 	C:\WINDOWS\System32\fwpuclnt.dll
0x00007fff2cfa0000 - 0x00007fff2cfc5000 	C:\WINDOWS\SYSTEM32\bcrypt.dll
0x00007fff26900000 - 0x00007fff2690a000 	C:\Windows\System32\rasadhlp.dll
0x00007fff0abe0000 - 0x00007fff0ada8000 	C:\WINDOWS\SYSTEM32\dbghelp.dll

VM Arguments:
jvm_args: -agentlib:jdwp=transport=dt_socket,suspend=y,address=localhost:53973 -Dfile.encoding=GBK 
java_command: com.Java程序3.test
Launcher Type: SUN_STANDARD

Environment Variables:
JAVA_HOME=C:\Program Files\Java\jdk1.7.0_17;
CLASSPATH=".;C:\Program Files\Java\jdk1.7.0_17;\lib\dt.jar;C:\Program Files\Java\jdk1.7.0_17;\lib\tools.jar";
PATH=C:/Program Files/Java/jdk1.7.0_17/bin/../jre/bin/server;C:/Program Files/Java/jdk1.7.0_17/bin/../jre/bin;C:/Program Files/Java/jdk1.7.0_17/bin/../jre/lib/amd64;C:\Program Files\Java\jdk1.7.0_17\bin;C:\Program Files\Java\jdk1.7.0_17\jre\bin;C:\Program Files (x86)\Common Files\Intel\Shared Libraries\redist\intel64\compiler;C:\WINDOWS\system32;C:\WINDOWS;C:\WINDOWS\System32\Wbem;C:\WINDOWS\System32\WindowsPowerShell\v1.0\;C:\Program Files\Microsoft SQL Server\Client SDK\ODBC\130\Tools\Binn\;C:\Program Files (x86)\Microsoft SQL Server\130\Tools\Binn\;C:\Program Files\Microsoft SQL Server\130\Tools\Binn\;C:\Program Files\Microsoft SQL Server\130\DTS\Binn\;C:\Users\温大大\AppData\Local\Microsoft\WindowsApps;;D:\Eclipse\eclipse;
USERNAME=温大大
OS=Windows_NT
PROCESSOR_IDENTIFIER=Intel64 Family 6 Model 78 Stepping 3, GenuineIntel



---------------  S Y S T E M  ---------------

OS: Windows 8 , 64 bit Build 9200 

CPU:total 4 (2 cores per cpu, 2 threads per core) family 6 model 78 stepping 3, cmov, cx8, fxsr, mmx, sse, sse2, sse3, ssse3, sse4.1, sse4.2, popcnt, avx, avx2, ht, tsc, tscinvbit

Memory: 4k page, physical 8301224k(3705036k free), swap 8825512k(3508404k free)

vm_info: Java HotSpot(TM) 64-Bit Server VM (23.7-b01) for windows-amd64 JRE (1.7.0_17-b02), built on Mar  1 2013 03:38:30 by "java_re" with unknown MS VC++:1600

time: Thu Nov 09 20:27:33 2017
elapsed time: 60 seconds

